
Showing logs for build [32mcb-kubecd-bdd-spring-1588819182-p4bwn-1[0m stage [32mfrom-build-pack[0m and container [32mstep-credential-initializer-mfhtp[0m
{"level":"info","ts":1588819876.3781123,"logger":"fallback-logger","caller":"logging/config.go:69","msg":"Fetch GitHub commit ID from kodata failed: open /var/run/ko/refs/heads/0.8.0-ns-support: no such file or directory"}
{"level":"info","ts":1588819876.3788009,"logger":"fallback-logger","caller":"creds-init/main.go:40","msg":"Credentials initialized."}

Showing logs for build [32mcb-kubecd-bdd-spring-1588819182-p4bwn-1[0m stage [32mfrom-build-pack[0m and container [32mstep-working-dir-initializer-c6br8[0m
{"level":"info","ts":1588819877.8160076,"logger":"fallback-logger","caller":"logging/config.go:69","msg":"Fetch GitHub commit ID from kodata failed: open /var/run/ko/HEAD: no such file or directory"}
{"level":"info","ts":1588819877.8174667,"logger":"fallback-logger","caller":"bash/main.go:64","msg":"Successfully executed command \"sh -c mkdir -p /workspace/source\"; output "}

Showing logs for build [32mcb-kubecd-bdd-spring-1588819182-p4bwn-1[0m stage [32mfrom-build-pack[0m and container [32mstep-place-tools[0m

Showing logs for build [32mcb-kubecd-bdd-spring-1588819182-p4bwn-1[0m stage [32mfrom-build-pack[0m and container [32mstep-git-source-cb-kubecd-bdd-spring-1588819182-p4bwn-p492m[0m
{"level":"info","ts":1588819887.9111679,"logger":"fallback-logger","caller":"logging/config.go:69","msg":"Fetch GitHub commit ID from kodata failed: open /var/run/ko/refs/heads/0.8.0-ns-support: no such file or directory"}
{"level":"info","ts":1588819889.140266,"logger":"fallback-logger","caller":"git/git.go:103","msg":"Successfully cloned https://github.com/cb-kubecd/bdd-spring-1588819182.git @ master in path /workspace/source"}

Showing logs for build [32mcb-kubecd-bdd-spring-1588819182-p4bwn-1[0m stage [32mfrom-build-pack[0m and container [32mstep-git-merge[0m
Using SHAs from PULL_REFS=master:c193263dd56ecd0baac75ed058dc1831172e3a3e,1:bd992d12d92e6d52bd41dbd2d53029c39b61ab53
DEBUG: LC_ALL=C JX_LOG_LEVEL=error git fetch origin --unshallow bd992d12d92e6d52bd41dbd2d53029c39b61ab53: c193263dd56ecd0baac75ed058dc1831172e3a3e:
DEBUG: ran git fetch --unshallow origin bd992d12d92e6d52bd41dbd2d53029c39b61ab53: c193263dd56ecd0baac75ed058dc1831172e3a3e: in 
DEBUG: LC_ALL=C JX_LOG_LEVEL=error git branch
DEBUG: JX_LOG_LEVEL=error LC_ALL=C git checkout master
DEBUG: ran git checkout master in 
DEBUG: LC_ALL=C JX_LOG_LEVEL=error git reset --hard c193263dd56ecd0baac75ed058dc1831172e3a3e
DEBUG: ran git reset --hard c193263dd56ecd0baac75ed058dc1831172e3a3e in 
DEBUG: LC_ALL=C JX_LOG_LEVEL=error git clean -fd .
DEBUG: ran clean --force -d . in 
DEBUG: LC_ALL=C JX_LOG_LEVEL=error git merge bd992d12d92e6d52bd41dbd2d53029c39b61ab53
DEBUG: ran git merge bd992d12d92e6d52bd41dbd2d53029c39b61ab53 in 
DEBUG: LC_ALL=C JX_LOG_LEVEL=error git log --format=%H%x1f%an%x1f%ae%x1f%cn%x1f%ce%x1f%s%n%b%x1e c193263dd56ecd0baac75ed058dc1831172e3a3e..HEAD
Merged SHA bd992d12d92e6d52bd41dbd2d53029c39b61ab53 with commit message 'My first PR commit' into base branch master

Showing logs for build [32mcb-kubecd-bdd-spring-1588819182-p4bwn-1[0m stage [32mfrom-build-pack[0m and container [32mstep-build-set-version[0m
Picked up _JAVA_OPTIONS: -XX:+UnlockExperimentalVMOptions -XX:+UseCGroupMemoryLimitForHeap -Dsun.zip.disableMemoryMapping=true -XX:+UseParallelGC -XX:MinHeapFreeRatio=5 -XX:MaxHeapFreeRatio=10 -XX:GCTimeRatio=4 -XX:AdaptiveSizePolicyWeight=90 -Xms10m -Xmx192m
OpenJDK 64-Bit Server VM warning: If the number of processors is expected to increase from one, then you should configure the number of parallel GC threads appropriately using -XX:ParallelGCThreads=N
[INFO] Scanning for projects...
[INFO] 
[INFO] -----------------< com.example:bdd-spring-1588819182 >------------------
[INFO] Building demo 0.0.1-SNAPSHOT
[INFO] --------------------------------[ jar ]---------------------------------
[INFO] 
[INFO] --- versions-maven-plugin:2.7:set (default-cli) @ bdd-spring-1588819182 ---
[INFO] Searching for local aggregator root...
[INFO] Local aggregation root: /workspace/source
[INFO] Processing change of com.example:bdd-spring-1588819182:0.0.1-SNAPSHOT -> 0.0.0-SNAPSHOT-PR-1-1
[INFO] Processing com.example:bdd-spring-1588819182
[INFO]     Updating project com.example:bdd-spring-1588819182
[INFO]         from version 0.0.1-SNAPSHOT to 0.0.0-SNAPSHOT-PR-1-1
[INFO] 
[INFO] ------------------------------------------------------------------------
[INFO] BUILD SUCCESS
[INFO] ------------------------------------------------------------------------
[INFO] Total time:  14.577 s
[INFO] Finished at: 2020-05-07T02:51:49Z
[INFO] ------------------------------------------------------------------------

Showing logs for build [32mcb-kubecd-bdd-spring-1588819182-p4bwn-1[0m stage [32mfrom-build-pack[0m and container [32mstep-build-mvn-install[0m
Picked up _JAVA_OPTIONS: -XX:+UnlockExperimentalVMOptions -XX:+UseCGroupMemoryLimitForHeap -Dsun.zip.disableMemoryMapping=true -XX:+UseParallelGC -XX:MinHeapFreeRatio=5 -XX:MaxHeapFreeRatio=10 -XX:GCTimeRatio=4 -XX:AdaptiveSizePolicyWeight=90 -Xms10m -Xmx192m
OpenJDK 64-Bit Server VM warning: If the number of processors is expected to increase from one, then you should configure the number of parallel GC threads appropriately using -XX:ParallelGCThreads=N
[INFO] Scanning for projects...
[INFO] 
[INFO] -----------------< com.example:bdd-spring-1588819182 >------------------
[INFO] Building demo 0.0.0-SNAPSHOT-PR-1-1
[INFO] --------------------------------[ jar ]---------------------------------
[INFO] 
[INFO] --- maven-resources-plugin:3.1.0:resources (default-resources) @ bdd-spring-1588819182 ---
[INFO] Using 'UTF-8' encoding to copy filtered resources.
[INFO] Copying 1 resource
[INFO] Copying 0 resource
[INFO] 
[INFO] --- maven-compiler-plugin:3.8.1:compile (default-compile) @ bdd-spring-1588819182 ---
[INFO] Changes detected - recompiling the module!
[INFO] Compiling 1 source file to /workspace/source/target/classes
[INFO] 
[INFO] --- maven-resources-plugin:3.1.0:testResources (default-testResources) @ bdd-spring-1588819182 ---
[INFO] Using 'UTF-8' encoding to copy filtered resources.
[INFO] skip non existing resourceDirectory /workspace/source/src/test/resources
[INFO] 
[INFO] --- maven-compiler-plugin:3.8.1:testCompile (default-testCompile) @ bdd-spring-1588819182 ---
[INFO] Changes detected - recompiling the module!
[INFO] Compiling 1 source file to /workspace/source/target/test-classes
[INFO] 
[INFO] --- maven-surefire-plugin:3.0.0-M1:test (default-test) @ bdd-spring-1588819182 ---
[INFO] 
[INFO] -------------------------------------------------------
[INFO]  T E S T S
[INFO] -------------------------------------------------------
[INFO] Running com.example.bddspring1588819182.DemoApplicationTests
02:52:10.740 [main] DEBUG org.springframework.test.context.BootstrapUtils - Instantiating CacheAwareContextLoaderDelegate from class [org.springframework.test.context.cache.DefaultCacheAwareContextLoaderDelegate]
02:52:10.820 [main] DEBUG org.springframework.test.context.BootstrapUtils - Instantiating BootstrapContext using constructor [public org.springframework.test.context.support.DefaultBootstrapContext(java.lang.Class,org.springframework.test.context.CacheAwareContextLoaderDelegate)]
02:52:10.926 [main] DEBUG org.springframework.test.context.BootstrapUtils - Instantiating TestContextBootstrapper for test class [com.example.bddspring1588819182.DemoApplicationTests] from class [org.springframework.boot.test.context.SpringBootTestContextBootstrapper]
02:52:10.964 [main] INFO org.springframework.boot.test.context.SpringBootTestContextBootstrapper - Neither @ContextConfiguration nor @ContextHierarchy found for test class [com.example.bddspring1588819182.DemoApplicationTests], using SpringBootContextLoader
02:52:11.018 [main] DEBUG org.springframework.test.context.support.AbstractContextLoader - Did not detect default resource location for test class [com.example.bddspring1588819182.DemoApplicationTests]: class path resource [com/example/bddspring1588819182/DemoApplicationTests-context.xml] does not exist
02:52:11.024 [main] DEBUG org.springframework.test.context.support.AbstractContextLoader - Did not detect default resource location for test class [com.example.bddspring1588819182.DemoApplicationTests]: class path resource [com/example/bddspring1588819182/DemoApplicationTestsContext.groovy] does not exist
02:52:11.026 [main] INFO org.springframework.test.context.support.AbstractContextLoader - Could not detect default resource locations for test class [com.example.bddspring1588819182.DemoApplicationTests]: no resource found for suffixes {-context.xml, Context.groovy}.
02:52:11.030 [main] INFO org.springframework.test.context.support.AnnotationConfigContextLoaderUtils - Could not detect default configuration classes for test class [com.example.bddspring1588819182.DemoApplicationTests]: DemoApplicationTests does not declare any static, non-private, non-final, nested classes annotated with @Configuration.
02:52:11.148 [main] DEBUG org.springframework.test.context.support.ActiveProfilesUtils - Could not find an 'annotation declaring class' for annotation type [org.springframework.test.context.ActiveProfiles] and class [com.example.bddspring1588819182.DemoApplicationTests]
02:52:11.280 [main] DEBUG org.springframework.context.annotation.ClassPathScanningCandidateComponentProvider - Identified candidate component class: file [/workspace/source/target/classes/com/example/bddspring1588819182/DemoApplication.class]
02:52:11.283 [main] INFO org.springframework.boot.test.context.SpringBootTestContextBootstrapper - Found @SpringBootConfiguration com.example.bddspring1588819182.DemoApplication for test class com.example.bddspring1588819182.DemoApplicationTests
02:52:11.476 [main] DEBUG org.springframework.boot.test.context.SpringBootTestContextBootstrapper - @TestExecutionListeners is not present for class [com.example.bddspring1588819182.DemoApplicationTests]: using defaults.
02:52:11.478 [main] INFO org.springframework.boot.test.context.SpringBootTestContextBootstrapper - Loaded default TestExecutionListener class names from location [META-INF/spring.factories]: [org.springframework.boot.test.mock.mockito.MockitoTestExecutionListener, org.springframework.boot.test.mock.mockito.ResetMocksTestExecutionListener, org.springframework.boot.test.autoconfigure.restdocs.RestDocsTestExecutionListener, org.springframework.boot.test.autoconfigure.web.client.MockRestServiceServerResetTestExecutionListener, org.springframework.boot.test.autoconfigure.web.servlet.MockMvcPrintOnlyOnFailureTestExecutionListener, org.springframework.boot.test.autoconfigure.web.servlet.WebDriverTestExecutionListener, org.springframework.test.context.web.ServletTestExecutionListener, org.springframework.test.context.support.DirtiesContextBeforeModesTestExecutionListener, org.springframework.test.context.support.DependencyInjectionTestExecutionListener, org.springframework.test.context.support.DirtiesContextTestExecutionListener, org.springframework.test.context.transaction.TransactionalTestExecutionListener, org.springframework.test.context.jdbc.SqlScriptsTestExecutionListener, org.springframework.test.context.event.EventPublishingTestExecutionListener]
02:52:11.540 [main] DEBUG org.springframework.boot.test.context.SpringBootTestContextBootstrapper - Skipping candidate TestExecutionListener [org.springframework.test.context.transaction.TransactionalTestExecutionListener] due to a missing dependency. Specify custom listener classes or make the default listener classes and their required dependencies available. Offending class: [org/springframework/transaction/TransactionDefinition]
02:52:11.541 [main] DEBUG org.springframework.boot.test.context.SpringBootTestContextBootstrapper - Skipping candidate TestExecutionListener [org.springframework.test.context.jdbc.SqlScriptsTestExecutionListener] due to a missing dependency. Specify custom listener classes or make the default listener classes and their required dependencies available. Offending class: [org/springframework/transaction/interceptor/TransactionAttribute]
02:52:11.541 [main] INFO org.springframework.boot.test.context.SpringBootTestContextBootstrapper - Using TestExecutionListeners: [org.springframework.test.context.web.ServletTestExecutionListener@73e22a3d, org.springframework.test.context.support.DirtiesContextBeforeModesTestExecutionListener@47faa49c, org.springframework.boot.test.mock.mockito.MockitoTestExecutionListener@28f2a10f, org.springframework.boot.test.autoconfigure.SpringBootDependencyInjectionTestExecutionListener@f736069, org.springframework.test.context.support.DirtiesContextTestExecutionListener@6da21078, org.springframework.test.context.event.EventPublishingTestExecutionListener@7fee8714, org.springframework.boot.test.mock.mockito.ResetMocksTestExecutionListener@4229bb3f, org.springframework.boot.test.autoconfigure.restdocs.RestDocsTestExecutionListener@56cdfb3b, org.springframework.boot.test.autoconfigure.web.client.MockRestServiceServerResetTestExecutionListener@2b91004a, org.springframework.boot.test.autoconfigure.web.servlet.MockMvcPrintOnlyOnFailureTestExecutionListener@20ccf40b, org.springframework.boot.test.autoconfigure.web.servlet.WebDriverTestExecutionListener@2fb3536e]
02:52:11.547 [main] DEBUG org.springframework.test.context.support.AbstractDirtiesContextTestExecutionListener - Before test class: context [DefaultTestContext@614ca7df testClass = DemoApplicationTests, testInstance = [null], testMethod = [null], testException = [null], mergedContextConfiguration = [WebMergedContextConfiguration@4738a206 testClass = DemoApplicationTests, locations = '{}', classes = '{class com.example.bddspring1588819182.DemoApplication}', contextInitializerClasses = '[]', activeProfiles = '{}', propertySourceLocations = '{}', propertySourceProperties = '{org.springframework.boot.test.context.SpringBootTestContextBootstrapper=true}', contextCustomizers = set[org.springframework.boot.test.context.filter.ExcludeFilterContextCustomizer@71b1176b, org.springframework.boot.test.json.DuplicateJsonObjectContextCustomizerFactory$DuplicateJsonObjectContextCustomizer@159f197, org.springframework.boot.test.mock.mockito.MockitoContextCustomizer@0, org.springframework.boot.test.web.client.TestRestTemplateContextCustomizer@3cc2931c, org.springframework.boot.test.autoconfigure.properties.PropertyMappingContextCustomizer@0, org.springframework.boot.test.autoconfigure.web.servlet.WebDriverContextCustomizerFactory$Customizer@1c93084c], resourceBasePath = 'src/main/webapp', contextLoader = 'org.springframework.boot.test.context.SpringBootContextLoader', parent = [null]], attributes = map['org.springframework.test.context.web.ServletTestExecutionListener.activateListener' -> true]], class annotated with @DirtiesContext [false] with mode [null].
02:52:11.632 [main] DEBUG org.springframework.test.context.support.TestPropertySourceUtils - Adding inlined properties to environment: {spring.jmx.enabled=false, org.springframework.boot.test.context.SpringBootTestContextBootstrapper=true, server.port=-1}

  .   ____          _            __ _ _
 /\\ / ___'_ __ _ _(_)_ __  __ _ \ \ \ \
( ( )\___ | '_ | '_| | '_ \/ _` | \ \ \ \
 \\/  ___)| |_)| | | | | || (_| |  ) ) ) )
  '  |____| .__|_| |_|_| |_\__, | / / / /
 =========|_|==============|___/=/_/_/_/
 :: Spring Boot ::        (v2.2.6.RELEASE)

2020-05-07 02:52:12.257  INFO 63 --- [           main] c.e.b.DemoApplicationTests               : Starting DemoApplicationTests on cb-kubecd-bdd-spring-1588819182-p4bwn-1-from-build-pack-qm9gm-p with PID 63 (started by root in /workspace/source)
2020-05-07 02:52:12.262  INFO 63 --- [           main] c.e.b.DemoApplicationTests               : No active profile set, falling back to default profiles: default
2020-05-07 02:52:18.966  INFO 63 --- [           main] o.s.s.concurrent.ThreadPoolTaskExecutor  : Initializing ExecutorService 'applicationTaskExecutor'
2020-05-07 02:52:21.117  INFO 63 --- [           main] o.s.b.a.e.web.EndpointLinksResolver      : Exposing 2 endpoint(s) beneath base path '/actuator'
2020-05-07 02:52:21.318  INFO 63 --- [           main] c.e.b.DemoApplicationTests               : Started DemoApplicationTests in 9.662 seconds (JVM running for 12.391)
[INFO] Tests run: 1, Failures: 0, Errors: 0, Skipped: 0, Time elapsed: 11.511 s - in com.example.bddspring1588819182.DemoApplicationTests
2020-05-07 02:52:22.053  INFO 63 --- [extShutdownHook] o.s.s.concurrent.ThreadPoolTaskExecutor  : Shutting down ExecutorService 'applicationTaskExecutor'
[INFO] 
[INFO] Results:
[INFO] 
[INFO] Tests run: 1, Failures: 0, Errors: 0, Skipped: 0
[INFO] 
[INFO] 
[INFO] --- maven-jar-plugin:3.1.2:jar (default-jar) @ bdd-spring-1588819182 ---
[INFO] Building jar: /workspace/source/target/bdd-spring-1588819182-0.0.0-SNAPSHOT-PR-1-1.jar
[INFO] 
[INFO] --- spring-boot-maven-plugin:2.2.6.RELEASE:repackage (repackage) @ bdd-spring-1588819182 ---
[INFO] Replacing main artifact with repackaged archive
[INFO] 
[INFO] --- maven-install-plugin:2.5.2:install (default-install) @ bdd-spring-1588819182 ---
[INFO] Installing /workspace/source/target/bdd-spring-1588819182-0.0.0-SNAPSHOT-PR-1-1.jar to /home/jenkins/.mvnrepository/com/example/bdd-spring-1588819182/0.0.0-SNAPSHOT-PR-1-1/bdd-spring-1588819182-0.0.0-SNAPSHOT-PR-1-1.jar
[INFO] Installing /workspace/source/pom.xml to /home/jenkins/.mvnrepository/com/example/bdd-spring-1588819182/0.0.0-SNAPSHOT-PR-1-1/bdd-spring-1588819182-0.0.0-SNAPSHOT-PR-1-1.pom
[INFO] ------------------------------------------------------------------------
[INFO] BUILD SUCCESS
[INFO] ------------------------------------------------------------------------
[INFO] Total time:  34.682 s
[INFO] Finished at: 2020-05-07T02:52:27Z
[INFO] ------------------------------------------------------------------------

Showing logs for build [32mcb-kubecd-bdd-spring-1588819182-p4bwn-1[0m stage [32mfrom-build-pack[0m and container [32mstep-build-skaffold-version[0m
v1.0.1

Showing logs for build [32mcb-kubecd-bdd-spring-1588819182-p4bwn-1[0m stage [32mfrom-build-pack[0m and container [32mstep-build-container-build[0m
[36mINFO[0m[0000] Resolved base name openjdk:8-jdk-slim to openjdk:8-jdk-slim 
[36mINFO[0m[0000] Using dockerignore file: /workspace/source/.dockerignore 
[36mINFO[0m[0000] Resolved base name openjdk:8-jdk-slim to openjdk:8-jdk-slim 
[36mINFO[0m[0000] Retrieving image manifest openjdk:8-jdk-slim 
ERROR: logging before flag.Parse: E0507 02:52:31.039847       9 metadata.go:142] while reading 'google-dockercfg' metadata: http status code: 404 while fetching url http://metadata.google.internal./computeMetadata/v1/instance/attributes/google-dockercfg
ERROR: logging before flag.Parse: E0507 02:52:31.042390       9 metadata.go:159] while reading 'google-dockercfg-url' metadata: http status code: 404 while fetching url http://metadata.google.internal./computeMetadata/v1/instance/attributes/google-dockercfg-url
[36mINFO[0m[0001] Retrieving image manifest openjdk:8-jdk-slim 
[36mINFO[0m[0002] Built cross stage deps: map[]                
[36mINFO[0m[0002] Retrieving image manifest openjdk:8-jdk-slim 
[36mINFO[0m[0003] Retrieving image manifest openjdk:8-jdk-slim 
[36mINFO[0m[0004] cmd: EXPOSE                                  
[36mINFO[0m[0004] Adding exposed port: 8080/tcp                
[36mINFO[0m[0004] Resolving srcs [pom.xml target/lib*]...      
end of resolve sources
[36mINFO[0m[0004] Checking for cached layer gcr.io/jenkins-x-bdd3/cache:6fe6e6aedad807fedf449991fe737e56452c6d5a658c3a42ee6d4fb8f5bc3dc5... 
[36mINFO[0m[0005] No cached layer found for cmd COPY pom.xml target/lib* /opt/lib/ 
[36mINFO[0m[0005] Resolving srcs [target/*.jar]...             
end of resolve sources
[36mINFO[0m[0005] Unpacking rootfs as cmd COPY pom.xml target/lib* /opt/lib/ requires it. 
[36mINFO[0m[0012] Taking snapshot of full filesystem...        
[36mINFO[0m[0014] Resolving paths                              
[36mINFO[0m[0015] ENV PORT 8080                                
[36mINFO[0m[0015] No files changed in this command, skipping snapshotting. 
[36mINFO[0m[0015] ENV CLASSPATH /opt/lib                       
[36mINFO[0m[0015] No files changed in this command, skipping snapshotting. 
[36mINFO[0m[0015] EXPOSE 8080                                  
[36mINFO[0m[0015] cmd: EXPOSE                                  
[36mINFO[0m[0015] Adding exposed port: 8080/tcp                
[36mINFO[0m[0015] No files changed in this command, skipping snapshotting. 
[36mINFO[0m[0015] Resolving srcs [pom.xml target/lib*]...      
end of resolve sources
[36mINFO[0m[0015] COPY pom.xml target/lib* /opt/lib/           
[36mINFO[0m[0015] Resolving srcs [pom.xml target/lib*]...      
end of resolve sources
[36mINFO[0m[0015] Resolving paths                              
[36mINFO[0m[0015] Taking snapshot of files...                  
[36mINFO[0m[0015] Pushing layer gcr.io/jenkins-x-bdd3/cache:6fe6e6aedad807fedf449991fe737e56452c6d5a658c3a42ee6d4fb8f5bc3dc5 to cache now 
[36mINFO[0m[0015] Resolving srcs [target/*.jar]...             
end of resolve sources
[36mINFO[0m[0015] COPY target/*.jar /opt/app.jar               
[36mINFO[0m[0015] Resolving srcs [target/*.jar]...             
end of resolve sources
[36mINFO[0m[0015] Resolving paths                              
[36mINFO[0m[0015] Taking snapshot of files...                  
[36mINFO[0m[0016] Pushing layer gcr.io/jenkins-x-bdd3/cache:e4d175a5a43e7c5f86a253362d5a78fdf7454917c3d026416cc26a29da1fe7ca to cache now 
[36mINFO[0m[0016] WORKDIR /opt                                 
[36mINFO[0m[0016] cmd: workdir                                 
[36mINFO[0m[0016] Changed working directory to /opt            
[36mINFO[0m[0016] No files changed in this command, skipping snapshotting. 
[36mINFO[0m[0016] CMD ["java", "-XX:+UnlockExperimentalVMOptions", "-XX:+UseCGroupMemoryLimitForHeap", "-jar", "app.jar"] 
[36mINFO[0m[0016] No files changed in this command, skipping snapshotting. 

Showing logs for build [32mcb-kubecd-bdd-spring-1588819182-p4bwn-1[0m stage [32mfrom-build-pack[0m and container [32mstep-postbuild-post-build[0m
no CVE provider running in the current ** namespace so skip adding image to be analysed

Showing logs for build [32mcb-kubecd-bdd-spring-1588819182-p4bwn-1[0m stage [32mfrom-build-pack[0m and container [32mstep-promote-make-preview[0m
sed -i -e "s/version:.*/version: 0.0.0-SNAPSHOT-PR-1-1/" Chart.yaml
sed -i -e "s/version:.*/version: 0.0.0-SNAPSHOT-PR-1-1/" ../*/Chart.yaml
sed -i -e "s|repository:.*|repository: gcr.io\/jenkins-x-bdd3\/bdd-spring-1588819182|" values.yaml
sed -i -e "s/tag:.*/tag: 0.0.0-SNAPSHOT-PR-1-1/" values.yaml
echo "  version: 0.0.0-SNAPSHOT-PR-1-1" >> requirements.yaml
** step helm build
WARNING: No $CHART_REPOSITORY defined so using the default value of: http://jenkins-x-chartmuseum:8080
Adding missing Helm repo: storage.googleapis.com https://storage.googleapis.com/chartmuseum.jenkins-x.io
WARNING: No secrets found on "helm/repos" due: reading the secret "helm/repos" from vault: no secret "helm/repos" not found in vault
Read credentials for https://storage.googleapis.com/chartmuseum.jenkins-x.io from vault helm/repos
Successfully added Helm repository storage.googleapis.com.
Adding missing Helm repo: jenkins-x-chartmuseum http://jenkins-x-chartmuseum:8080
WARNING: No secrets found on "helm/repos" due: reading the secret "helm/repos" from vault: no secret "helm/repos" not found in vault
Read credentials for http://jenkins-x-chartmuseum:8080 from vault helm/repos
Successfully added Helm repository jenkins-x-chartmuseum.
WARNING: No $CHART_REPOSITORY defined so using the default value of: http://jenkins-x-chartmuseum:8080
Adding missing Helm repo: chartmuseum.jenkins-x.io http://chartmuseum.jenkins-x.io
WARNING: No secrets found on "helm/repos" due: reading the secret "helm/repos" from vault: no secret "helm/repos" not found in vault
Read credentials for http://chartmuseum.jenkins-x.io from vault helm/repos
Successfully added Helm repository chartmuseum.jenkins-x.io.

Showing logs for build [32mcb-kubecd-bdd-spring-1588819182-p4bwn-1[0m stage [32mfrom-build-pack[0m and container [32mstep-promote-jx-preview[0m
Creating a preview
Created environment cb-kubecd-bdd-spring-1588819182-pr-1
Namespace **-cb-kubecd-bdd-spring-1588819182-pr-1 created 
expose:
  Annotations:
    helm.sh/hook: post-install,post-upgrade
    helm.sh/hook-delete-policy: hook-succeeded
  config:
    domain: c**du4.bdd.jenkins-x.rocks
    exposer: Ingress
    http: "true"
preview:
  image:
    repository: gcr.io/jenkins-x-bdd3/bdd-spring-1588819182
    tag: 0.0.0-SNAPSHOT-PR-1-1

Updating PipelineActivities cb-kubecd-bdd-spring-1588819182-pr-1-1 which has status Running
WARNING: preview application http://bdd-spring-1588819182.**-cb-kubecd-bdd-spring-1588819182-pr-1.c**du4.bdd.jenkins-x.rocks not available, error was Get http://bdd-spring-1588819182.**-cb-kubecd-bdd-spring-1588819182-pr-1.c**du4.bdd.jenkins-x.rocks: dial tcp: lookup bdd-spring-1588819182.**-cb-kubecd-bdd-spring-1588819182-pr-1.c**du4.bdd.jenkins-x.rocks on 10.39.240.10:53: no such host, delaying for: 1.283034974s
WARNING: preview application http://bdd-spring-1588819182.**-cb-kubecd-bdd-spring-1588819182-pr-1.c**du4.bdd.jenkins-x.rocks not available, error was Get http://bdd-spring-1588819182.**-cb-kubecd-bdd-spring-1588819182-pr-1.c**du4.bdd.jenkins-x.rocks: dial tcp: lookup bdd-spring-1588819182.**-cb-kubecd-bdd-spring-1588819182-pr-1.c**du4.bdd.jenkins-x.rocks on 10.39.240.10:53: no such host, delaying for: 956.706092ms
WARNING: preview application http://bdd-spring-1588819182.**-cb-kubecd-bdd-spring-1588819182-pr-1.c**du4.bdd.jenkins-x.rocks not available, error was Get http://bdd-spring-1588819182.**-cb-kubecd-bdd-spring-1588819182-pr-1.c**du4.bdd.jenkins-x.rocks: dial tcp: lookup bdd-spring-1588819182.**-cb-kubecd-bdd-spring-1588819182-pr-1.c**du4.bdd.jenkins-x.rocks on 10.39.240.10:53: no such host, delaying for: 1.345569468s
WARNING: preview application http://bdd-spring-1588819182.**-cb-kubecd-bdd-spring-1588819182-pr-1.c**du4.bdd.jenkins-x.rocks not available, error was Get http://bdd-spring-1588819182.**-cb-kubecd-bdd-spring-1588819182-pr-1.c**du4.bdd.jenkins-x.rocks: dial tcp: lookup bdd-spring-1588819182.**-cb-kubecd-bdd-spring-1588819182-pr-1.c**du4.bdd.jenkins-x.rocks on 10.39.240.10:53: no such host, delaying for: 4.050971572s
WARNING: preview application http://bdd-spring-1588819182.**-cb-kubecd-bdd-spring-1588819182-pr-1.c**du4.bdd.jenkins-x.rocks not available, error was Get http://bdd-spring-1588819182.**-cb-kubecd-bdd-spring-1588819182-pr-1.c**du4.bdd.jenkins-x.rocks: dial tcp: lookup bdd-spring-1588819182.**-cb-kubecd-bdd-spring-1588819182-pr-1.c**du4.bdd.jenkins-x.rocks on 10.39.240.10:53: no such host, delaying for: 2.640264778s
WARNING: preview application http://bdd-spring-1588819182.**-cb-kubecd-bdd-spring-1588819182-pr-1.c**du4.bdd.jenkins-x.rocks not available, error was Get http://bdd-spring-1588819182.**-cb-kubecd-bdd-spring-1588819182-pr-1.c**du4.bdd.jenkins-x.rocks: dial tcp: lookup bdd-spring-1588819182.**-cb-kubecd-bdd-spring-1588819182-pr-1.c**du4.bdd.jenkins-x.rocks on 10.39.240.10:53: no such host, delaying for: 7.589083593s
WARNING: preview application http://bdd-spring-1588819182.**-cb-kubecd-bdd-spring-1588819182-pr-1.c**du4.bdd.jenkins-x.rocks not available, error was Get http://bdd-spring-1588819182.**-cb-kubecd-bdd-spring-1588819182-pr-1.c**du4.bdd.jenkins-x.rocks: dial tcp: lookup bdd-spring-1588819182.**-cb-kubecd-bdd-spring-1588819182-pr-1.c**du4.bdd.jenkins-x.rocks on 10.39.240.10:53: no such host, delaying for: 6.520544564s
WARNING: preview application http://bdd-spring-1588819182.**-cb-kubecd-bdd-spring-1588819182-pr-1.c**du4.bdd.jenkins-x.rocks not available, error was Get http://bdd-spring-1588819182.**-cb-kubecd-bdd-spring-1588819182-pr-1.c**du4.bdd.jenkins-x.rocks: dial tcp: lookup bdd-spring-1588819182.**-cb-kubecd-bdd-spring-1588819182-pr-1.c**du4.bdd.jenkins-x.rocks on 10.39.240.10:53: no such host, delaying for: 10.199180659s
WARNING: preview application http://bdd-spring-1588819182.**-cb-kubecd-bdd-spring-1588819182-pr-1.c**du4.bdd.jenkins-x.rocks not available, error was Get http://bdd-spring-1588819182.**-cb-kubecd-bdd-spring-1588819182-pr-1.c**du4.bdd.jenkins-x.rocks: dial tcp: lookup bdd-spring-1588819182.**-cb-kubecd-bdd-spring-1588819182-pr-1.c**du4.bdd.jenkins-x.rocks on 10.39.240.10:53: no such host, delaying for: 37.600023335s
WARNING: preview application http://bdd-spring-1588819182.**-cb-kubecd-bdd-spring-1588819182-pr-1.c**du4.bdd.jenkins-x.rocks not available, error was Get http://bdd-spring-1588819182.**-cb-kubecd-bdd-spring-1588819182-pr-1.c**du4.bdd.jenkins-x.rocks: dial tcp: lookup bdd-spring-1588819182.**-cb-kubecd-bdd-spring-1588819182-pr-1.c**du4.bdd.jenkins-x.rocks on 10.39.240.10:53: no such host, delaying for: 35.856053632s
WARNING: preview application http://bdd-spring-1588819182.**-cb-kubecd-bdd-spring-1588819182-pr-1.c**du4.bdd.jenkins-x.rocks not available, error was Get http://bdd-spring-1588819182.**-cb-kubecd-bdd-spring-1588819182-pr-1.c**du4.bdd.jenkins-x.rocks: dial tcp: lookup bdd-spring-1588819182.**-cb-kubecd-bdd-spring-1588819182-pr-1.c**du4.bdd.jenkins-x.rocks on 10.39.240.10:53: no such host, delaying for: 29.275456602s
WARNING: preview application http://bdd-spring-1588819182.**-cb-kubecd-bdd-spring-1588819182-pr-1.c**du4.bdd.jenkins-x.rocks not available, error was Get http://bdd-spring-1588819182.**-cb-kubecd-bdd-spring-1588819182-pr-1.c**du4.bdd.jenkins-x.rocks: dial tcp: lookup bdd-spring-1588819182.**-cb-kubecd-bdd-spring-1588819182-pr-1.c**du4.bdd.jenkins-x.rocks on 10.39.240.10:53: no such host, delaying for: 1m4.701075416s
WARNING: preview application http://bdd-spring-1588819182.**-cb-kubecd-bdd-spring-1588819182-pr-1.c**du4.bdd.jenkins-x.rocks not available, error was Get http://bdd-spring-1588819182.**-cb-kubecd-bdd-spring-1588819182-pr-1.c**du4.bdd.jenkins-x.rocks: dial tcp: lookup bdd-spring-1588819182.**-cb-kubecd-bdd-spring-1588819182-pr-1.c**du4.bdd.jenkins-x.rocks on 10.39.240.10:53: no such host, delaying for: 1m27.788364073s
WARNING: preview application http://bdd-spring-1588819182.**-cb-kubecd-bdd-spring-1588819182-pr-1.c**du4.bdd.jenkins-x.rocks not available, error was Get http://bdd-spring-1588819182.**-cb-kubecd-bdd-spring-1588819182-pr-1.c**du4.bdd.jenkins-x.rocks: dial tcp: lookup bdd-spring-1588819182.**-cb-kubecd-bdd-spring-1588819182-pr-1.c**du4.bdd.jenkins-x.rocks on 10.39.240.10:53: no such host, delaying for: 1m12.644634709s
Preview application is now available at: http://bdd-spring-1588819182.**-cb-kubecd-bdd-spring-1588819182-pr-1.c**du4.bdd.jenkins-x.rocks
